[     512ms] [ERROR] Failed to load resource: the server responded with a status of 500 (Internal Server Error) @ http://localhost:3000/projects/c5a3bfd3-c5e6-4c58-9668-d80cbf293479/graph:0
[ 2506683ms] [ERROR] The final argument passed to %s changed size between renders. The order and size of this array must remain constant.

Previous: %s
Incoming: %s useEffect [architecture, [object Object],[object Object],[object Object],[object Object],[object Object],[object Object],[object Object],[object Object],[object Object],[object Object],[object Object],[object Object],[object Object],[object Object],[object Object],[object Object],[object Object],[object Object],[object Object],[object Object],[object Object],[object Object],[object Object],[object Object],[object Object], full] [architecture, [object Object],[object Object],[object Object],[object Object],[object Object],[object Object],[object Object],[object Object],[object Object],[object Object],[object Object],[object Object],[object Object],[object Object],[object Object],[object Object],[object Object],[object Object],[object Object],[object Object],[object Object],[object Object],[object Object],[object Object],[object Object], full, full] @ http://localhost:3000/_next/static/chunks/node_modules_next_dist_f3530cac._.js:3127
[ 2546322ms] [ERROR] WebSocket connection to 'ws://localhost:3000/_next/webpack-hmr?id=S-R4AC3iZutjc-A1LHR01' failed: Error in connection establishment: net::ERR_CONNECTION_REFUSED @ http://localhost:3000/_next/static/chunks/node_modules_next_dist_client_17643121._.js:10878
[ 2547323ms] [ERROR] WebSocket connection to 'ws://localhost:3000/_next/webpack-hmr?id=S-R4AC3iZutjc-A1LHR01' failed: Error in connection establishment: net::ERR_CONNECTION_REFUSED @ http://localhost:3000/_next/static/chunks/node_modules_next_dist_client_17643121._.js:10878
[ 2548324ms] [ERROR] WebSocket connection to 'ws://localhost:3000/_next/webpack-hmr?id=S-R4AC3iZutjc-A1LHR01' failed: Error in connection establishment: net::ERR_CONNECTION_REFUSED @ http://localhost:3000/_next/static/chunks/node_modules_next_dist_client_17643121._.js:10878
[ 2549326ms] [ERROR] WebSocket connection to 'ws://localhost:3000/_next/webpack-hmr?id=S-R4AC3iZutjc-A1LHR01' failed: Error in connection establishment: net::ERR_CONNECTION_REFUSED @ http://localhost:3000/_next/static/chunks/node_modules_next_dist_client_17643121._.js:10878
[ 2550328ms] [ERROR] WebSocket connection to 'ws://localhost:3000/_next/webpack-hmr?id=S-R4AC3iZutjc-A1LHR01' failed: Error in connection establishment: net::ERR_CONNECTION_REFUSED @ http://localhost:3000/_next/static/chunks/node_modules_next_dist_client_17643121._.js:10878
[ 2555333ms] [ERROR] WebSocket connection to 'ws://localhost:3000/_next/webpack-hmr?id=S-R4AC3iZutjc-A1LHR01' failed: Error in connection establishment: net::ERR_CONNECTION_REFUSED @ http://localhost:3000/_next/static/chunks/node_modules_next_dist_client_17643121._.js:10878
[ 2561993ms] [ERROR] Failed to load resource: the server responded with a status of 500 (Internal Server Error) @ http://localhost:3000/projects/c5a3bfd3-c5e6-4c58-9668-d80cbf293479/graph:0
[ 2610671ms] [WARNING] Can not register `expandCollapse` for `core` since `expandCollapse` already exists in the prototype and can not be overridden @ http://localhost:3000/_next/static/chunks/node_modules_next_dist_f3530cac._.js:2297
[ 2610672ms] [WARNING] Can not register `svg` for `core` since `svg` already exists in the prototype and can not be overridden @ http://localhost:3000/_next/static/chunks/node_modules_next_dist_f3530cac._.js:2297
[ 2610672ms] [WARNING] Can not register `expandCollapse` for `core` since `expandCollapse` already exists in the prototype and can not be overridden @ http://localhost:3000/_next/static/chunks/node_modules_next_dist_f3530cac._.js:2297
[ 2610673ms] [WARNING] Can not register `svg` for `core` since `svg` already exists in the prototype and can not be overridden @ http://localhost:3000/_next/static/chunks/node_modules_next_dist_f3530cac._.js:2297
[ 2615390ms] [ERROR] WebSocket connection to 'ws://localhost:3000/_next/webpack-hmr?id=mYhXIKxL1jeF1rgbzZuJM' failed: Error in connection establishment: net::ERR_CONNECTION_REFUSED @ http://localhost:3000/_next/static/chunks/node_modules_next_dist_client_17643121._.js:10878
[ 2616392ms] [ERROR] WebSocket connection to 'ws://localhost:3000/_next/webpack-hmr?id=mYhXIKxL1jeF1rgbzZuJM' failed: Error in connection establishment: net::ERR_CONNECTION_REFUSED @ http://localhost:3000/_next/static/chunks/node_modules_next_dist_client_17643121._.js:10878
[ 2617393ms] [ERROR] WebSocket connection to 'ws://localhost:3000/_next/webpack-hmr?id=mYhXIKxL1jeF1rgbzZuJM' failed: Error in connection establishment: net::ERR_CONNECTION_REFUSED @ http://localhost:3000/_next/static/chunks/node_modules_next_dist_client_17643121._.js:10878
[ 2618394ms] [ERROR] WebSocket connection to 'ws://localhost:3000/_next/webpack-hmr?id=mYhXIKxL1jeF1rgbzZuJM' failed: Error in connection establishment: net::ERR_CONNECTION_REFUSED @ http://localhost:3000/_next/static/chunks/node_modules_next_dist_client_17643121._.js:10878
[ 2619396ms] [ERROR] WebSocket connection to 'ws://localhost:3000/_next/webpack-hmr?id=mYhXIKxL1jeF1rgbzZuJM' failed: Error in connection establishment: net::ERR_CONNECTION_REFUSED @ http://localhost:3000/_next/static/chunks/node_modules_next_dist_client_17643121._.js:10878
